

*******************************************************************************
Sun Mar 14 14:35:43 2021


FIT:    data read from "linearSearch.out" using 1:3
        format = x:z
        x range restricted to [0.00000 : 110000.]
        #datapoints = 10
        residuals are weighted equally (unit weight)

function used for fitting: f(x)
	f(x) = a*x+b
fitted parameters initialized with current variable values

iter      chisq       delta/lim  lambda   a             b            
   0 3.8467385266e+10   0.00e+00  4.39e+04    1.000000e+00   1.000000e+00
   8 9.5495158909e+00  -2.92e-04  4.39e-04    4.481836e-04  -7.168000e-01

After 8 iterations the fit converged.
final sum of squares of residuals : 9.54952
rel. change during last iteration : -2.92443e-09

degrees of freedom    (FIT_NDF)                        : 8
rms of residuals      (FIT_STDFIT) = sqrt(WSSR/ndf)    : 1.09256
variance of residuals (reduced chisquare) = WSSR/ndf   : 1.19369

Final set of parameters            Asymptotic Standard Error
=======================            ==========================
a               = 0.000448184      +/- 1.203e-05    (2.684%)
b               = -0.7168          +/- 0.7464       (104.1%)

correlation matrix of the fit parameters:
                a      b      
a               1.000 
b              -0.886  1.000 


*******************************************************************************
Sun Mar 14 14:35:59 2021


FIT:    data read from "linearSearch.out" using 1:4
        format = x:z
        x range restricted to [0.00000 : 110000.]
        #datapoints = 10
        residuals are weighted equally (unit weight)

function used for fitting: g(x)
	g(x) = c*x+d
fitted parameters initialized with current variable values

iter      chisq       delta/lim  lambda   c             d            
   0 3.8487638039e+10   0.00e+00  4.39e+04    1.000000e+00   1.000000e+00
   8 6.5788789091e-01  -4.01e-03  4.39e-04    1.844036e-04  -6.692000e-01

After 8 iterations the fit converged.
final sum of squares of residuals : 0.657888
rel. change during last iteration : -4.01281e-08

degrees of freedom    (FIT_NDF)                        : 8
rms of residuals      (FIT_STDFIT) = sqrt(WSSR/ndf)    : 0.286768
variance of residuals (reduced chisquare) = WSSR/ndf   : 0.082236

Final set of parameters            Asymptotic Standard Error
=======================            ==========================
c               = 0.000184404      +/- 3.157e-06    (1.712%)
d               = -0.6692          +/- 0.1959       (29.27%)

correlation matrix of the fit parameters:
                c      d      
c               1.000 
d              -0.886  1.000 


*******************************************************************************
Sun Mar 14 14:36:52 2021


FIT:    data read from "linearSearch.out" using 1:3
        format = x:z
        x range restricted to [0.00000 : 110000.]
        #datapoints = 10
        residuals are weighted equally (unit weight)

function used for fitting: f(x)
	f(x) = a*x+b
fitted parameters initialized with current variable values

iter      chisq       delta/lim  lambda   a             b            
   0 9.5495158909e+00   0.00e+00  1.97e+01    4.481836e-04  -7.168000e-01
   1 9.5495158909e+00  -2.79e-10  1.97e+00    4.481836e-04  -7.168000e-01

After 1 iterations the fit converged.
final sum of squares of residuals : 9.54952
rel. change during last iteration : -2.79023e-15

degrees of freedom    (FIT_NDF)                        : 8
rms of residuals      (FIT_STDFIT) = sqrt(WSSR/ndf)    : 1.09256
variance of residuals (reduced chisquare) = WSSR/ndf   : 1.19369

Final set of parameters            Asymptotic Standard Error
=======================            ==========================
a               = 0.000448184      +/- 1.203e-05    (2.684%)
b               = -0.7168          +/- 0.7464       (104.1%)

correlation matrix of the fit parameters:
                a      b      
a               1.000 
b              -0.886  1.000 


*******************************************************************************
Sun Mar 14 14:37:00 2021


FIT:    data read from "linearSearch.out" using 1:4
        format = x:z
        x range restricted to [0.00000 : 110000.]
        #datapoints = 10
        residuals are weighted equally (unit weight)

function used for fitting: g(x)
	g(x) = c*x+d
fitted parameters initialized with current variable values

iter      chisq       delta/lim  lambda   c             d            
   0 6.5788789091e-01   0.00e+00  8.10e+00    1.844036e-04  -6.692000e-01
   1 6.5788789091e-01  -5.23e-10  8.10e-01    1.844036e-04  -6.692000e-01

After 1 iterations the fit converged.
final sum of squares of residuals : 0.657888
rel. change during last iteration : -5.23143e-15

degrees of freedom    (FIT_NDF)                        : 8
rms of residuals      (FIT_STDFIT) = sqrt(WSSR/ndf)    : 0.286768
variance of residuals (reduced chisquare) = WSSR/ndf   : 0.082236

Final set of parameters            Asymptotic Standard Error
=======================            ==========================
c               = 0.000184404      +/- 3.157e-06    (1.712%)
d               = -0.6692          +/- 0.1959       (29.27%)

correlation matrix of the fit parameters:
                c      d      
c               1.000 
d              -0.886  1.000 


*******************************************************************************
Tue Mar 16 17:09:42 2021


FIT:    data read from "selection.out" using 1:2
        format = x:z
        x range restricted to [0.00000 : 15000.0]
        #datapoints = 10
        residuals are weighted equally (unit weight)

function used for fitting: f(x)
	f(x) = a*x**2 + b*x + c
fitted parameters initialized with current variable values

iter      chisq       delta/lim  lambda   a             b             c            
   0 2.5292640242e+16   0.00e+00  2.91e+07    1.000000e+00   1.000000e+00   1.000000e+00
  11 2.3676852646e+07  -2.20e-03  2.91e-04    1.566784e-03  -6.408595e+00   7.553896e+03

After 11 iterations the fit converged.
final sum of squares of residuals : 2.36769e+07
rel. change during last iteration : -2.19723e-08

degrees of freedom    (FIT_NDF)                        : 7
rms of residuals      (FIT_STDFIT) = sqrt(WSSR/ndf)    : 1839.13
variance of residuals (reduced chisquare) = WSSR/ndf   : 3.38241e+06

Final set of parameters            Asymptotic Standard Error
=======================            ==========================
a               = 0.00156678       +/- 8.004e-05    (5.108%)
b               = -6.4086          +/- 0.9034       (14.1%)
c               = 7553.9           +/- 2163         (28.64%)

correlation matrix of the fit parameters:
                a      b      c      
a               1.000 
b              -0.975  1.000 
c               0.814 -0.909  1.000 
